

Started GET "/" for 127.0.0.1 at 2014-03-04 15:33:54 +0100
Processing by Rails::WelcomeController#index as HTML
  Rendered /home/mbrodmann/.rvm/gems/ruby-2.1.1/gems/railties-4.1.0.rc1/lib/rails/templates/rails/welcome/index.html.erb (1.5ms)
Completed 200 OK in 24ms (Views: 8.7ms | ActiveRecord: 0.0ms)
  [1m[36m (5.8ms)[0m  [1mCREATE TABLE "schema_migrations" ("version" character varying(255) NOT NULL) [0m
  [1m[35m (10.6ms)[0m  CREATE UNIQUE INDEX  "unique_schema_migrations" ON "schema_migrations"  ("version")
  [1m[36mActiveRecord::SchemaMigration Load (0.5ms)[0m  [1mSELECT "schema_migrations".* FROM "schema_migrations"[0m
Migrating to CreateProducts (20140304144958)
  [1m[35m (0.3ms)[0m  BEGIN
  [1m[36m (11.1ms)[0m  [1mCREATE TABLE "products" ("id" serial primary key, "title" character varying(255), "description" text, "image_url" character varying(255), "price" decimal, "created_at" timestamp, "updated_at" timestamp) [0m
  [1m[35mSQL (0.3ms)[0m  INSERT INTO "schema_migrations" ("version") VALUES ($1)  [["version", "20140304144958"]]
  [1m[36m (1.1ms)[0m  [1mCOMMIT[0m
  [1m[35mActiveRecord::SchemaMigration Load (0.3ms)[0m  SELECT "schema_migrations".* FROM "schema_migrations"


Started GET "/Product" for 127.0.0.1 at 2014-03-04 15:52:06 +0100
  [1m[36mActiveRecord::SchemaMigration Load (0.7ms)[0m  [1mSELECT "schema_migrations".* FROM "schema_migrations"[0m

ActionController::RoutingError (No route matches [GET] "/Product"):
  actionpack (4.1.0.rc1) lib/action_dispatch/middleware/debug_exceptions.rb:21:in `call'
  actionpack (4.1.0.rc1) lib/action_dispatch/middleware/show_exceptions.rb:30:in `call'
  railties (4.1.0.rc1) lib/rails/rack/logger.rb:38:in `call_app'
  railties (4.1.0.rc1) lib/rails/rack/logger.rb:20:in `block in call'
  activesupport (4.1.0.rc1) lib/active_support/tagged_logging.rb:68:in `block in tagged'
  activesupport (4.1.0.rc1) lib/active_support/tagged_logging.rb:26:in `tagged'
  activesupport (4.1.0.rc1) lib/active_support/tagged_logging.rb:68:in `tagged'
  railties (4.1.0.rc1) lib/rails/rack/logger.rb:20:in `call'
  actionpack (4.1.0.rc1) lib/action_dispatch/middleware/request_id.rb:21:in `call'
  rack (1.5.2) lib/rack/methodoverride.rb:21:in `call'
  rack (1.5.2) lib/rack/runtime.rb:17:in `call'
  activesupport (4.1.0.rc1) lib/active_support/cache/strategy/local_cache.rb:87:in `call'
  rack (1.5.2) lib/rack/lock.rb:17:in `call'
  actionpack (4.1.0.rc1) lib/action_dispatch/middleware/static.rb:64:in `call'
  rack (1.5.2) lib/rack/sendfile.rb:112:in `call'
  railties (4.1.0.rc1) lib/rails/engine.rb:515:in `call'
  railties (4.1.0.rc1) lib/rails/application.rb:142:in `call'
  rack (1.5.2) lib/rack/lock.rb:17:in `call'
  rack (1.5.2) lib/rack/content_length.rb:14:in `call'
  rack (1.5.2) lib/rack/handler/webrick.rb:60:in `service'
  /home/mbrodmann/.rvm/rubies/ruby-2.1.1/lib/ruby/2.1.0/webrick/httpserver.rb:138:in `service'
  /home/mbrodmann/.rvm/rubies/ruby-2.1.1/lib/ruby/2.1.0/webrick/httpserver.rb:94:in `run'
  /home/mbrodmann/.rvm/rubies/ruby-2.1.1/lib/ruby/2.1.0/webrick/server.rb:295:in `block in start_thread'


  Rendered /home/mbrodmann/.rvm/gems/ruby-2.1.1/gems/actionpack-4.1.0.rc1/lib/action_dispatch/middleware/templates/rescues/_trace.html.erb (1.1ms)
  Rendered /home/mbrodmann/.rvm/gems/ruby-2.1.1/gems/actionpack-4.1.0.rc1/lib/action_dispatch/middleware/templates/routes/_route.html.erb (1.1ms)
  Rendered /home/mbrodmann/.rvm/gems/ruby-2.1.1/gems/actionpack-4.1.0.rc1/lib/action_dispatch/middleware/templates/routes/_table.html.erb (9.2ms)
  Rendered /home/mbrodmann/.rvm/gems/ruby-2.1.1/gems/actionpack-4.1.0.rc1/lib/action_dispatch/middleware/templates/rescues/routing_error.html.erb within rescues/layout (36.7ms)


Started GET "/product" for 127.0.0.1 at 2014-03-04 15:52:10 +0100

ActionController::RoutingError (No route matches [GET] "/product"):
  actionpack (4.1.0.rc1) lib/action_dispatch/middleware/debug_exceptions.rb:21:in `call'
  actionpack (4.1.0.rc1) lib/action_dispatch/middleware/show_exceptions.rb:30:in `call'
  railties (4.1.0.rc1) lib/rails/rack/logger.rb:38:in `call_app'
  railties (4.1.0.rc1) lib/rails/rack/logger.rb:20:in `block in call'
  activesupport (4.1.0.rc1) lib/active_support/tagged_logging.rb:68:in `block in tagged'
  activesupport (4.1.0.rc1) lib/active_support/tagged_logging.rb:26:in `tagged'
  activesupport (4.1.0.rc1) lib/active_support/tagged_logging.rb:68:in `tagged'
  railties (4.1.0.rc1) lib/rails/rack/logger.rb:20:in `call'
  actionpack (4.1.0.rc1) lib/action_dispatch/middleware/request_id.rb:21:in `call'
  rack (1.5.2) lib/rack/methodoverride.rb:21:in `call'
  rack (1.5.2) lib/rack/runtime.rb:17:in `call'
  activesupport (4.1.0.rc1) lib/active_support/cache/strategy/local_cache.rb:87:in `call'
  rack (1.5.2) lib/rack/lock.rb:17:in `call'
  actionpack (4.1.0.rc1) lib/action_dispatch/middleware/static.rb:64:in `call'
  rack (1.5.2) lib/rack/sendfile.rb:112:in `call'
  railties (4.1.0.rc1) lib/rails/engine.rb:515:in `call'
  railties (4.1.0.rc1) lib/rails/application.rb:142:in `call'
  rack (1.5.2) lib/rack/lock.rb:17:in `call'
  rack (1.5.2) lib/rack/content_length.rb:14:in `call'
  rack (1.5.2) lib/rack/handler/webrick.rb:60:in `service'
  /home/mbrodmann/.rvm/rubies/ruby-2.1.1/lib/ruby/2.1.0/webrick/httpserver.rb:138:in `service'
  /home/mbrodmann/.rvm/rubies/ruby-2.1.1/lib/ruby/2.1.0/webrick/httpserver.rb:94:in `run'
  /home/mbrodmann/.rvm/rubies/ruby-2.1.1/lib/ruby/2.1.0/webrick/server.rb:295:in `block in start_thread'


  Rendered /home/mbrodmann/.rvm/gems/ruby-2.1.1/gems/actionpack-4.1.0.rc1/lib/action_dispatch/middleware/templates/rescues/_trace.html.erb (1.2ms)
  Rendered /home/mbrodmann/.rvm/gems/ruby-2.1.1/gems/actionpack-4.1.0.rc1/lib/action_dispatch/middleware/templates/routes/_route.html.erb (1.2ms)
  Rendered /home/mbrodmann/.rvm/gems/ruby-2.1.1/gems/actionpack-4.1.0.rc1/lib/action_dispatch/middleware/templates/routes/_table.html.erb (2.0ms)
  Rendered /home/mbrodmann/.rvm/gems/ruby-2.1.1/gems/actionpack-4.1.0.rc1/lib/action_dispatch/middleware/templates/rescues/routing_error.html.erb within rescues/layout (17.7ms)


Started GET "/products" for 127.0.0.1 at 2014-03-04 15:52:13 +0100
Processing by ProductsController#index as HTML
  [1m[35mProduct Load (1.0ms)[0m  SELECT "products".* FROM "products"
  Rendered products/index.html.erb within layouts/application (3.5ms)
Completed 200 OK in 483ms (Views: 464.3ms | ActiveRecord: 1.0ms)


Started GET "/assets/scaffolds.css?body=1" for 127.0.0.1 at 2014-03-04 15:52:14 +0100


Started GET "/assets/products.css?body=1" for 127.0.0.1 at 2014-03-04 15:52:14 +0100


Started GET "/assets/jquery.js?body=1" for 127.0.0.1 at 2014-03-04 15:52:14 +0100


Started GET "/assets/jquery_ujs.js?body=1" for 127.0.0.1 at 2014-03-04 15:52:14 +0100


Started GET "/assets/application.css?body=1" for 127.0.0.1 at 2014-03-04 15:52:14 +0100


Started GET "/assets/turbolinks.js?body=1" for 127.0.0.1 at 2014-03-04 15:52:14 +0100


Started GET "/assets/products.js?body=1" for 127.0.0.1 at 2014-03-04 15:52:14 +0100


Started GET "/assets/application.js?body=1" for 127.0.0.1 at 2014-03-04 15:52:14 +0100


Started GET "/product/1" for 127.0.0.1 at 2014-03-04 15:52:26 +0100

ActionController::RoutingError (No route matches [GET] "/product/1"):
  actionpack (4.1.0.rc1) lib/action_dispatch/middleware/debug_exceptions.rb:21:in `call'
  actionpack (4.1.0.rc1) lib/action_dispatch/middleware/show_exceptions.rb:30:in `call'
  railties (4.1.0.rc1) lib/rails/rack/logger.rb:38:in `call_app'
  railties (4.1.0.rc1) lib/rails/rack/logger.rb:20:in `block in call'
  activesupport (4.1.0.rc1) lib/active_support/tagged_logging.rb:68:in `block in tagged'
  activesupport (4.1.0.rc1) lib/active_support/tagged_logging.rb:26:in `tagged'
  activesupport (4.1.0.rc1) lib/active_support/tagged_logging.rb:68:in `tagged'
  railties (4.1.0.rc1) lib/rails/rack/logger.rb:20:in `call'
  actionpack (4.1.0.rc1) lib/action_dispatch/middleware/request_id.rb:21:in `call'
  rack (1.5.2) lib/rack/methodoverride.rb:21:in `call'
  rack (1.5.2) lib/rack/runtime.rb:17:in `call'
  activesupport (4.1.0.rc1) lib/active_support/cache/strategy/local_cache.rb:87:in `call'
  rack (1.5.2) lib/rack/lock.rb:17:in `call'
  actionpack (4.1.0.rc1) lib/action_dispatch/middleware/static.rb:64:in `call'
  rack (1.5.2) lib/rack/sendfile.rb:112:in `call'
  railties (4.1.0.rc1) lib/rails/engine.rb:515:in `call'
  railties (4.1.0.rc1) lib/rails/application.rb:142:in `call'
  rack (1.5.2) lib/rack/lock.rb:17:in `call'
  rack (1.5.2) lib/rack/content_length.rb:14:in `call'
  rack (1.5.2) lib/rack/handler/webrick.rb:60:in `service'
  /home/mbrodmann/.rvm/rubies/ruby-2.1.1/lib/ruby/2.1.0/webrick/httpserver.rb:138:in `service'
  /home/mbrodmann/.rvm/rubies/ruby-2.1.1/lib/ruby/2.1.0/webrick/httpserver.rb:94:in `run'
  /home/mbrodmann/.rvm/rubies/ruby-2.1.1/lib/ruby/2.1.0/webrick/server.rb:295:in `block in start_thread'


  Rendered /home/mbrodmann/.rvm/gems/ruby-2.1.1/gems/actionpack-4.1.0.rc1/lib/action_dispatch/middleware/templates/rescues/_trace.html.erb (1.0ms)
  Rendered /home/mbrodmann/.rvm/gems/ruby-2.1.1/gems/actionpack-4.1.0.rc1/lib/action_dispatch/middleware/templates/routes/_route.html.erb (1.0ms)
  Rendered /home/mbrodmann/.rvm/gems/ruby-2.1.1/gems/actionpack-4.1.0.rc1/lib/action_dispatch/middleware/templates/routes/_table.html.erb (0.8ms)
  Rendered /home/mbrodmann/.rvm/gems/ruby-2.1.1/gems/actionpack-4.1.0.rc1/lib/action_dispatch/middleware/templates/rescues/routing_error.html.erb within rescues/layout (14.1ms)


Started GET "/product/1/edit" for 127.0.0.1 at 2014-03-04 15:52:33 +0100

ActionController::RoutingError (No route matches [GET] "/product/1/edit"):
  actionpack (4.1.0.rc1) lib/action_dispatch/middleware/debug_exceptions.rb:21:in `call'
  actionpack (4.1.0.rc1) lib/action_dispatch/middleware/show_exceptions.rb:30:in `call'
  railties (4.1.0.rc1) lib/rails/rack/logger.rb:38:in `call_app'
  railties (4.1.0.rc1) lib/rails/rack/logger.rb:20:in `block in call'
  activesupport (4.1.0.rc1) lib/active_support/tagged_logging.rb:68:in `block in tagged'
  activesupport (4.1.0.rc1) lib/active_support/tagged_logging.rb:26:in `tagged'
  activesupport (4.1.0.rc1) lib/active_support/tagged_logging.rb:68:in `tagged'
  railties (4.1.0.rc1) lib/rails/rack/logger.rb:20:in `call'
  actionpack (4.1.0.rc1) lib/action_dispatch/middleware/request_id.rb:21:in `call'
  rack (1.5.2) lib/rack/methodoverride.rb:21:in `call'
  rack (1.5.2) lib/rack/runtime.rb:17:in `call'
  activesupport (4.1.0.rc1) lib/active_support/cache/strategy/local_cache.rb:87:in `call'
  rack (1.5.2) lib/rack/lock.rb:17:in `call'
  actionpack (4.1.0.rc1) lib/action_dispatch/middleware/static.rb:64:in `call'
  rack (1.5.2) lib/rack/sendfile.rb:112:in `call'
  railties (4.1.0.rc1) lib/rails/engine.rb:515:in `call'
  railties (4.1.0.rc1) lib/rails/application.rb:142:in `call'
  rack (1.5.2) lib/rack/lock.rb:17:in `call'
  rack (1.5.2) lib/rack/content_length.rb:14:in `call'
  rack (1.5.2) lib/rack/handler/webrick.rb:60:in `service'
  /home/mbrodmann/.rvm/rubies/ruby-2.1.1/lib/ruby/2.1.0/webrick/httpserver.rb:138:in `service'
  /home/mbrodmann/.rvm/rubies/ruby-2.1.1/lib/ruby/2.1.0/webrick/httpserver.rb:94:in `run'
  /home/mbrodmann/.rvm/rubies/ruby-2.1.1/lib/ruby/2.1.0/webrick/server.rb:295:in `block in start_thread'


  Rendered /home/mbrodmann/.rvm/gems/ruby-2.1.1/gems/actionpack-4.1.0.rc1/lib/action_dispatch/middleware/templates/rescues/_trace.html.erb (0.9ms)
  Rendered /home/mbrodmann/.rvm/gems/ruby-2.1.1/gems/actionpack-4.1.0.rc1/lib/action_dispatch/middleware/templates/routes/_route.html.erb (1.2ms)
  Rendered /home/mbrodmann/.rvm/gems/ruby-2.1.1/gems/actionpack-4.1.0.rc1/lib/action_dispatch/middleware/templates/routes/_table.html.erb (1.1ms)
  Rendered /home/mbrodmann/.rvm/gems/ruby-2.1.1/gems/actionpack-4.1.0.rc1/lib/action_dispatch/middleware/templates/rescues/routing_error.html.erb within rescues/layout (15.5ms)


Started GET "/products/new" for 127.0.0.1 at 2014-03-04 15:52:40 +0100
Processing by ProductsController#new as HTML
  Rendered products/_form.html.erb (24.5ms)
  Rendered products/new.html.erb within layouts/application (26.4ms)
Completed 200 OK in 37ms (Views: 31.3ms | ActiveRecord: 2.1ms)


Started GET "/assets/scaffolds.css?body=1" for 127.0.0.1 at 2014-03-04 15:52:40 +0100


Started GET "/assets/products.js?body=1" for 127.0.0.1 at 2014-03-04 15:52:40 +0100


Started GET "/assets/products.css?body=1" for 127.0.0.1 at 2014-03-04 15:52:40 +0100


Started POST "/products" for 127.0.0.1 at 2014-03-04 15:52:51 +0100
Processing by ProductsController#create as HTML
  Parameters: {"utf8"=>"✓", "authenticity_token"=>"pxVZxyAOh3W7Sd03WnCX1iFMH5cviE3ZlX9tGf/R3rQ=", "product"=>{"title"=>"test", "description"=>"test", "image_url"=>"test", "price"=>"1"}, "commit"=>"Create Product"}
  [1m[36m (0.2ms)[0m  [1mBEGIN[0m
  [1m[35mSQL (0.4ms)[0m  INSERT INTO "products" ("created_at", "description", "image_url", "price", "title", "updated_at") VALUES ($1, $2, $3, $4, $5, $6) RETURNING "id"  [["created_at", "2014-03-04 14:52:51.151704"], ["description", "test"], ["image_url", "test"], ["price", "1.0"], ["title", "test"], ["updated_at", "2014-03-04 14:52:51.151704"]]
  [1m[36m (0.9ms)[0m  [1mCOMMIT[0m
Redirected to http://localhost:3000/products/1
Completed 302 Found in 11ms (ActiveRecord: 1.7ms)


Started GET "/products/1" for 127.0.0.1 at 2014-03-04 15:52:51 +0100
Processing by ProductsController#show as HTML
  Parameters: {"id"=>"1"}
  [1m[35mProduct Load (0.3ms)[0m  SELECT  "products".* FROM "products"  WHERE "products"."id" = $1 LIMIT 1  [["id", 1]]
  Rendered products/show.html.erb within layouts/application (1.3ms)
Completed 200 OK in 9ms (Views: 5.9ms | ActiveRecord: 0.3ms)


Started GET "/assets/products.css?body=1" for 127.0.0.1 at 2014-03-04 15:52:51 +0100


Started GET "/assets/scaffolds.css?body=1" for 127.0.0.1 at 2014-03-04 15:52:51 +0100


Started GET "/assets/products.js?body=1" for 127.0.0.1 at 2014-03-04 15:52:51 +0100


Started GET "/products/1/edit" for 127.0.0.1 at 2014-03-04 15:52:56 +0100
Processing by ProductsController#edit as HTML
  Parameters: {"id"=>"1"}
  [1m[36mProduct Load (0.2ms)[0m  [1mSELECT  "products".* FROM "products"  WHERE "products"."id" = $1 LIMIT 1[0m  [["id", 1]]
  Rendered products/_form.html.erb (3.4ms)
  Rendered products/edit.html.erb within layouts/application (5.2ms)
Completed 200 OK in 11ms (Views: 9.5ms | ActiveRecord: 0.2ms)


Started GET "/assets/products.css?body=1" for 127.0.0.1 at 2014-03-04 15:52:56 +0100


Started GET "/assets/scaffolds.css?body=1" for 127.0.0.1 at 2014-03-04 15:52:56 +0100


Started GET "/assets/products.js?body=1" for 127.0.0.1 at 2014-03-04 15:52:56 +0100


Started GET "/products/1/delete" for 127.0.0.1 at 2014-03-04 15:53:08 +0100

ActionController::RoutingError (No route matches [GET] "/products/1/delete"):
  actionpack (4.1.0.rc1) lib/action_dispatch/middleware/debug_exceptions.rb:21:in `call'
  actionpack (4.1.0.rc1) lib/action_dispatch/middleware/show_exceptions.rb:30:in `call'
  railties (4.1.0.rc1) lib/rails/rack/logger.rb:38:in `call_app'
  railties (4.1.0.rc1) lib/rails/rack/logger.rb:20:in `block in call'
  activesupport (4.1.0.rc1) lib/active_support/tagged_logging.rb:68:in `block in tagged'
  activesupport (4.1.0.rc1) lib/active_support/tagged_logging.rb:26:in `tagged'
  activesupport (4.1.0.rc1) lib/active_support/tagged_logging.rb:68:in `tagged'
  railties (4.1.0.rc1) lib/rails/rack/logger.rb:20:in `call'
  actionpack (4.1.0.rc1) lib/action_dispatch/middleware/request_id.rb:21:in `call'
  rack (1.5.2) lib/rack/methodoverride.rb:21:in `call'
  rack (1.5.2) lib/rack/runtime.rb:17:in `call'
  activesupport (4.1.0.rc1) lib/active_support/cache/strategy/local_cache.rb:87:in `call'
  rack (1.5.2) lib/rack/lock.rb:17:in `call'
  actionpack (4.1.0.rc1) lib/action_dispatch/middleware/static.rb:64:in `call'
  rack (1.5.2) lib/rack/sendfile.rb:112:in `call'
  railties (4.1.0.rc1) lib/rails/engine.rb:515:in `call'
  railties (4.1.0.rc1) lib/rails/application.rb:142:in `call'
  rack (1.5.2) lib/rack/lock.rb:17:in `call'
  rack (1.5.2) lib/rack/content_length.rb:14:in `call'
  rack (1.5.2) lib/rack/handler/webrick.rb:60:in `service'
  /home/mbrodmann/.rvm/rubies/ruby-2.1.1/lib/ruby/2.1.0/webrick/httpserver.rb:138:in `service'
  /home/mbrodmann/.rvm/rubies/ruby-2.1.1/lib/ruby/2.1.0/webrick/httpserver.rb:94:in `run'
  /home/mbrodmann/.rvm/rubies/ruby-2.1.1/lib/ruby/2.1.0/webrick/server.rb:295:in `block in start_thread'


  Rendered /home/mbrodmann/.rvm/gems/ruby-2.1.1/gems/actionpack-4.1.0.rc1/lib/action_dispatch/middleware/templates/rescues/_trace.html.erb (1.1ms)
  Rendered /home/mbrodmann/.rvm/gems/ruby-2.1.1/gems/actionpack-4.1.0.rc1/lib/action_dispatch/middleware/templates/routes/_route.html.erb (1.0ms)
  Rendered /home/mbrodmann/.rvm/gems/ruby-2.1.1/gems/actionpack-4.1.0.rc1/lib/action_dispatch/middleware/templates/routes/_table.html.erb (1.4ms)
  Rendered /home/mbrodmann/.rvm/gems/ruby-2.1.1/gems/actionpack-4.1.0.rc1/lib/action_dispatch/middleware/templates/rescues/routing_error.html.erb within rescues/layout (16.0ms)


Started GET "/products" for 127.0.0.1 at 2014-03-04 15:53:19 +0100
Processing by ProductsController#index as HTML
  [1m[35mProduct Load (0.3ms)[0m  SELECT "products".* FROM "products"
  Rendered products/index.html.erb within layouts/application (2.2ms)
Completed 200 OK in 10ms (Views: 8.4ms | ActiveRecord: 0.3ms)


Started GET "/assets/products.css?body=1" for 127.0.0.1 at 2014-03-04 15:53:19 +0100


Started GET "/assets/scaffolds.css?body=1" for 127.0.0.1 at 2014-03-04 15:53:19 +0100


Started GET "/assets/products.js?body=1" for 127.0.0.1 at 2014-03-04 15:53:19 +0100


Started DELETE "/products/1" for 127.0.0.1 at 2014-03-04 15:53:23 +0100
Processing by ProductsController#destroy as HTML
  Parameters: {"authenticity_token"=>"pxVZxyAOh3W7Sd03WnCX1iFMH5cviE3ZlX9tGf/R3rQ=", "id"=>"1"}
  [1m[36mProduct Load (0.4ms)[0m  [1mSELECT  "products".* FROM "products"  WHERE "products"."id" = $1 LIMIT 1[0m  [["id", 1]]
  [1m[35m (0.1ms)[0m  BEGIN
  [1m[36mSQL (0.2ms)[0m  [1mDELETE FROM "products" WHERE "products"."id" = $1[0m  [["id", 1]]
  [1m[35m (5.2ms)[0m  COMMIT
Redirected to http://localhost:3000/products
Completed 302 Found in 12ms (ActiveRecord: 5.8ms)


Started GET "/products" for 127.0.0.1 at 2014-03-04 15:53:23 +0100
Processing by ProductsController#index as HTML
  [1m[36mProduct Load (0.3ms)[0m  [1mSELECT "products".* FROM "products"[0m
  Rendered products/index.html.erb within layouts/application (1.1ms)
Completed 200 OK in 10ms (Views: 8.8ms | ActiveRecord: 0.3ms)


Started GET "/assets/scaffolds.css?body=1" for 127.0.0.1 at 2014-03-04 15:53:23 +0100


Started GET "/assets/products.css?body=1" for 127.0.0.1 at 2014-03-04 15:53:23 +0100


Started GET "/assets/products.js?body=1" for 127.0.0.1 at 2014-03-04 15:53:23 +0100


Started GET "/products/new" for 127.0.0.1 at 2014-03-04 15:53:28 +0100
Processing by ProductsController#new as HTML
  Rendered products/_form.html.erb (4.5ms)
  Rendered products/new.html.erb within layouts/application (7.2ms)
Completed 200 OK in 12ms (Views: 11.6ms | ActiveRecord: 0.0ms)


Started POST "/products" for 127.0.0.1 at 2014-03-04 15:53:33 +0100
Processing by ProductsController#create as HTML
  Parameters: {"utf8"=>"✓", "authenticity_token"=>"pxVZxyAOh3W7Sd03WnCX1iFMH5cviE3ZlX9tGf/R3rQ=", "product"=>{"title"=>"test", "description"=>"test", "image_url"=>"test", "price"=>"1"}, "commit"=>"Create Product"}
  [1m[35m (0.1ms)[0m  BEGIN
  [1m[36mSQL (0.3ms)[0m  [1mINSERT INTO "products" ("created_at", "description", "image_url", "price", "title", "updated_at") VALUES ($1, $2, $3, $4, $5, $6) RETURNING "id"[0m  [["created_at", "2014-03-04 14:53:33.821663"], ["description", "test"], ["image_url", "test"], ["price", "1.0"], ["title", "test"], ["updated_at", "2014-03-04 14:53:33.821663"]]
  [1m[35m (0.8ms)[0m  COMMIT
Redirected to http://localhost:3000/products/2
Completed 302 Found in 5ms (ActiveRecord: 1.2ms)


Started GET "/products/2" for 127.0.0.1 at 2014-03-04 15:53:33 +0100
Processing by ProductsController#show as HTML
  Parameters: {"id"=>"2"}
  [1m[36mProduct Load (0.2ms)[0m  [1mSELECT  "products".* FROM "products"  WHERE "products"."id" = $1 LIMIT 1[0m  [["id", 2]]
  Rendered products/show.html.erb within layouts/application (0.4ms)
Completed 200 OK in 5ms (Views: 3.7ms | ActiveRecord: 0.2ms)


Started GET "/assets/products.css?body=1" for 127.0.0.1 at 2014-03-04 15:53:33 +0100


Started GET "/assets/scaffolds.css?body=1" for 127.0.0.1 at 2014-03-04 15:53:33 +0100


Started GET "/assets/products.js?body=1" for 127.0.0.1 at 2014-03-04 15:53:33 +0100


Started GET "/products" for 127.0.0.1 at 2014-03-04 15:53:36 +0100
Processing by ProductsController#index as HTML
  [1m[35mProduct Load (0.3ms)[0m  SELECT "products".* FROM "products"
  Rendered products/index.html.erb within layouts/application (2.8ms)
Completed 200 OK in 10ms (Views: 9.0ms | ActiveRecord: 0.3ms)


Started DELETE "/products/2" for 127.0.0.1 at 2014-03-04 15:54:10 +0100
Processing by ProductsController#destroy as HTML
  Parameters: {"authenticity_token"=>"pxVZxyAOh3W7Sd03WnCX1iFMH5cviE3ZlX9tGf/R3rQ=", "id"=>"2"}
  [1m[36mProduct Load (0.3ms)[0m  [1mSELECT  "products".* FROM "products"  WHERE "products"."id" = $1 LIMIT 1[0m  [["id", 2]]
  [1m[35m (0.1ms)[0m  BEGIN
  [1m[36mSQL (0.2ms)[0m  [1mDELETE FROM "products" WHERE "products"."id" = $1[0m  [["id", 2]]
  [1m[35m (5.5ms)[0m  COMMIT
Redirected to http://localhost:3000/products
Completed 302 Found in 10ms (ActiveRecord: 6.1ms)


Started GET "/products" for 127.0.0.1 at 2014-03-04 15:54:10 +0100
Processing by ProductsController#index as HTML
  [1m[36mProduct Load (0.2ms)[0m  [1mSELECT "products".* FROM "products"[0m
  Rendered products/index.html.erb within layouts/application (0.7ms)
Completed 200 OK in 5ms (Views: 4.2ms | ActiveRecord: 0.2ms)


Started GET "/assets/scaffolds.css?body=1" for 127.0.0.1 at 2014-03-04 15:54:10 +0100


Started GET "/assets/products.css?body=1" for 127.0.0.1 at 2014-03-04 15:54:10 +0100


Started GET "/assets/turbolinks.js?body=1" for 127.0.0.1 at 2014-03-04 15:54:10 +0100


Started GET "/assets/products.js?body=1" for 127.0.0.1 at 2014-03-04 15:54:10 +0100


Started GET "/products/new" for 127.0.0.1 at 2014-03-04 16:01:22 +0100
Processing by ProductsController#new as HTML
  Rendered products/_form.html.erb (4.7ms)
  Rendered products/new.html.erb within layouts/application (6.0ms)
Completed 200 OK in 14ms (Views: 12.1ms | ActiveRecord: 0.0ms)


Started POST "/products" for 127.0.0.1 at 2014-03-04 16:03:34 +0100
Processing by ProductsController#create as HTML
  Parameters: {"utf8"=>"✓", "authenticity_token"=>"pxVZxyAOh3W7Sd03WnCX1iFMH5cviE3ZlX9tGf/R3rQ=", "product"=>{"title"=>"test", "description"=>"", "image_url"=>"", "price"=>""}, "commit"=>"Create Product"}
  [1m[35m (0.2ms)[0m  BEGIN
  [1m[36mSQL (0.2ms)[0m  [1mINSERT INTO "products" ("created_at", "description", "image_url", "title", "updated_at") VALUES ($1, $2, $3, $4, $5) RETURNING "id"[0m  [["created_at", "2014-03-04 15:03:34.612354"], ["description", ""], ["image_url", ""], ["title", "test"], ["updated_at", "2014-03-04 15:03:34.612354"]]
  [1m[35m (0.8ms)[0m  COMMIT
Redirected to http://localhost:3000/products/3
Completed 302 Found in 6ms (ActiveRecord: 1.2ms)


Started GET "/products/3" for 127.0.0.1 at 2014-03-04 16:03:34 +0100
Processing by ProductsController#show as HTML
  Parameters: {"id"=>"3"}
  [1m[36mProduct Load (0.2ms)[0m  [1mSELECT  "products".* FROM "products"  WHERE "products"."id" = $1 LIMIT 1[0m  [["id", 3]]
  Rendered products/show.html.erb within layouts/application (0.4ms)
Completed 200 OK in 7ms (Views: 5.6ms | ActiveRecord: 0.2ms)


Started GET "/assets/products.css?body=1" for 127.0.0.1 at 2014-03-04 16:03:34 +0100


Started GET "/assets/scaffolds.css?body=1" for 127.0.0.1 at 2014-03-04 16:03:34 +0100


Started GET "/assets/application.css?body=1" for 127.0.0.1 at 2014-03-04 16:03:34 +0100


Started GET "/assets/jquery.js?body=1" for 127.0.0.1 at 2014-03-04 16:03:34 +0100


Started GET "/assets/jquery_ujs.js?body=1" for 127.0.0.1 at 2014-03-04 16:03:34 +0100


Started GET "/assets/products.js?body=1" for 127.0.0.1 at 2014-03-04 16:03:34 +0100


Started GET "/assets/turbolinks.js?body=1" for 127.0.0.1 at 2014-03-04 16:03:34 +0100


Started GET "/assets/application.js?body=1" for 127.0.0.1 at 2014-03-04 16:03:34 +0100


Started GET "/products/3/edit" for 127.0.0.1 at 2014-03-04 16:03:48 +0100
Processing by ProductsController#edit as HTML
  Parameters: {"id"=>"3"}
  [1m[35mProduct Load (0.8ms)[0m  SELECT  "products".* FROM "products"  WHERE "products"."id" = $1 LIMIT 1  [["id", 3]]
  Rendered products/_form.html.erb (4.4ms)
  Rendered products/edit.html.erb within layouts/application (6.4ms)
Completed 200 OK in 14ms (Views: 11.1ms | ActiveRecord: 0.8ms)


Started GET "/products" for 127.0.0.1 at 2014-03-11 13:38:56 +0100
  [1m[36mActiveRecord::SchemaMigration Load (5.2ms)[0m  [1mSELECT "schema_migrations".* FROM "schema_migrations"[0m
Processing by ProductsController#index as HTML
  [1m[35mProduct Load (1.6ms)[0m  SELECT "products".* FROM "products"
  Rendered products/index.html.erb within layouts/application (31.8ms)
Completed 200 OK in 212ms (Views: 136.7ms | ActiveRecord: 5.2ms)


Started GET "/assets/scaffolds.css?body=1" for 127.0.0.1 at 2014-03-11 13:38:56 +0100


Started GET "/assets/application.css?body=1" for 127.0.0.1 at 2014-03-11 13:38:56 +0100


Started GET "/assets/jquery_ujs.js?body=1" for 127.0.0.1 at 2014-03-11 13:38:56 +0100


Started GET "/assets/jquery.js?body=1" for 127.0.0.1 at 2014-03-11 13:38:57 +0100


Started GET "/assets/turbolinks.js?body=1" for 127.0.0.1 at 2014-03-11 13:38:57 +0100


Started GET "/assets/products.css?body=1" for 127.0.0.1 at 2014-03-11 13:38:57 +0100


Started GET "/assets/products.js?body=1" for 127.0.0.1 at 2014-03-11 13:38:57 +0100


Started GET "/assets/application.js?body=1" for 127.0.0.1 at 2014-03-11 13:38:57 +0100


Started GET "/" for 127.0.0.1 at 2014-03-11 13:38:59 +0100
Processing by Rails::WelcomeController#index as HTML
  Rendered /home/mbrodmann/.rvm/gems/ruby-2.1.1/gems/railties-4.1.0.rc1/lib/rails/templates/rails/welcome/index.html.erb (3.6ms)
Completed 200 OK in 13ms (Views: 11.2ms | ActiveRecord: 0.0ms)


Started GET "/products" for 127.0.0.1 at 2014-03-11 13:39:30 +0100
Processing by ProductsController#index as HTML
  [1m[36mProduct Load (0.7ms)[0m  [1mSELECT "products".* FROM "products"[0m
  Rendered products/index.html.erb within layouts/application (4.4ms)
Completed 200 OK in 20ms (Views: 16.6ms | ActiveRecord: 0.7ms)


Started GET "/assets/products.css?body=1" for 127.0.0.1 at 2014-03-11 13:39:30 +0100


Started GET "/assets/application.css?body=1" for 127.0.0.1 at 2014-03-11 13:39:30 +0100


Started GET "/assets/scaffolds.css?body=1" for 127.0.0.1 at 2014-03-11 13:39:30 +0100


Started GET "/assets/jquery_ujs.js?body=1" for 127.0.0.1 at 2014-03-11 13:39:30 +0100


Started GET "/assets/jquery.js?body=1" for 127.0.0.1 at 2014-03-11 13:39:30 +0100


Started GET "/assets/turbolinks.js?body=1" for 127.0.0.1 at 2014-03-11 13:39:30 +0100


Started GET "/assets/products.js?body=1" for 127.0.0.1 at 2014-03-11 13:39:30 +0100


Started GET "/assets/application.js?body=1" for 127.0.0.1 at 2014-03-11 13:39:30 +0100


Started GET "/" for 127.0.0.1 at 2014-03-11 13:41:34 +0100
  [1m[36mActiveRecord::SchemaMigration Load (0.8ms)[0m  [1mSELECT "schema_migrations".* FROM "schema_migrations"[0m
Processing by Rails::WelcomeController#index as HTML
  Rendered /home/mbrodmann/.rvm/gems/ruby-2.1.1/gems/railties-4.1.0.rc1/lib/rails/templates/rails/welcome/index.html.erb (4.0ms)
Completed 200 OK in 76ms (Views: 17.0ms | ActiveRecord: 0.0ms)


Started GET "/welcome" for 127.0.0.1 at 2014-03-11 13:41:43 +0100

ActionController::RoutingError (No route matches [GET] "/welcome"):
  actionpack (4.1.0.rc1) lib/action_dispatch/middleware/debug_exceptions.rb:21:in `call'
  actionpack (4.1.0.rc1) lib/action_dispatch/middleware/show_exceptions.rb:30:in `call'
  railties (4.1.0.rc1) lib/rails/rack/logger.rb:38:in `call_app'
  railties (4.1.0.rc1) lib/rails/rack/logger.rb:20:in `block in call'
  activesupport (4.1.0.rc1) lib/active_support/tagged_logging.rb:68:in `block in tagged'
  activesupport (4.1.0.rc1) lib/active_support/tagged_logging.rb:26:in `tagged'
  activesupport (4.1.0.rc1) lib/active_support/tagged_logging.rb:68:in `tagged'
  railties (4.1.0.rc1) lib/rails/rack/logger.rb:20:in `call'
  actionpack (4.1.0.rc1) lib/action_dispatch/middleware/request_id.rb:21:in `call'
  rack (1.5.2) lib/rack/methodoverride.rb:21:in `call'
  rack (1.5.2) lib/rack/runtime.rb:17:in `call'
  activesupport (4.1.0.rc1) lib/active_support/cache/strategy/local_cache.rb:87:in `call'
  rack (1.5.2) lib/rack/lock.rb:17:in `call'
  actionpack (4.1.0.rc1) lib/action_dispatch/middleware/static.rb:64:in `call'
  rack (1.5.2) lib/rack/sendfile.rb:112:in `call'
  railties (4.1.0.rc1) lib/rails/engine.rb:515:in `call'
  railties (4.1.0.rc1) lib/rails/application.rb:142:in `call'
  rack (1.5.2) lib/rack/lock.rb:17:in `call'
  rack (1.5.2) lib/rack/content_length.rb:14:in `call'
  rack (1.5.2) lib/rack/handler/webrick.rb:60:in `service'
  /home/mbrodmann/.rvm/rubies/ruby-2.1.1/lib/ruby/2.1.0/webrick/httpserver.rb:138:in `service'
  /home/mbrodmann/.rvm/rubies/ruby-2.1.1/lib/ruby/2.1.0/webrick/httpserver.rb:94:in `run'
  /home/mbrodmann/.rvm/rubies/ruby-2.1.1/lib/ruby/2.1.0/webrick/server.rb:295:in `block in start_thread'


  Rendered /home/mbrodmann/.rvm/gems/ruby-2.1.1/gems/actionpack-4.1.0.rc1/lib/action_dispatch/middleware/templates/rescues/_trace.html.erb (4.1ms)
  Rendered /home/mbrodmann/.rvm/gems/ruby-2.1.1/gems/actionpack-4.1.0.rc1/lib/action_dispatch/middleware/templates/routes/_route.html.erb (4.8ms)
  Rendered /home/mbrodmann/.rvm/gems/ruby-2.1.1/gems/actionpack-4.1.0.rc1/lib/action_dispatch/middleware/templates/routes/_table.html.erb (20.1ms)
  Rendered /home/mbrodmann/.rvm/gems/ruby-2.1.1/gems/actionpack-4.1.0.rc1/lib/action_dispatch/middleware/templates/rescues/routing_error.html.erb within rescues/layout (103.6ms)


Started GET "/index" for 127.0.0.1 at 2014-03-11 13:41:49 +0100

ActionController::RoutingError (No route matches [GET] "/index"):
  actionpack (4.1.0.rc1) lib/action_dispatch/middleware/debug_exceptions.rb:21:in `call'
  actionpack (4.1.0.rc1) lib/action_dispatch/middleware/show_exceptions.rb:30:in `call'
  railties (4.1.0.rc1) lib/rails/rack/logger.rb:38:in `call_app'
  railties (4.1.0.rc1) lib/rails/rack/logger.rb:20:in `block in call'
  activesupport (4.1.0.rc1) lib/active_support/tagged_logging.rb:68:in `block in tagged'
  activesupport (4.1.0.rc1) lib/active_support/tagged_logging.rb:26:in `tagged'
  activesupport (4.1.0.rc1) lib/active_support/tagged_logging.rb:68:in `tagged'
  railties (4.1.0.rc1) lib/rails/rack/logger.rb:20:in `call'
  actionpack (4.1.0.rc1) lib/action_dispatch/middleware/request_id.rb:21:in `call'
  rack (1.5.2) lib/rack/methodoverride.rb:21:in `call'
  rack (1.5.2) lib/rack/runtime.rb:17:in `call'
  activesupport (4.1.0.rc1) lib/active_support/cache/strategy/local_cache.rb:87:in `call'
  rack (1.5.2) lib/rack/lock.rb:17:in `call'
  actionpack (4.1.0.rc1) lib/action_dispatch/middleware/static.rb:64:in `call'
  rack (1.5.2) lib/rack/sendfile.rb:112:in `call'
  railties (4.1.0.rc1) lib/rails/engine.rb:515:in `call'
  railties (4.1.0.rc1) lib/rails/application.rb:142:in `call'
  rack (1.5.2) lib/rack/lock.rb:17:in `call'
  rack (1.5.2) lib/rack/content_length.rb:14:in `call'
  rack (1.5.2) lib/rack/handler/webrick.rb:60:in `service'
  /home/mbrodmann/.rvm/rubies/ruby-2.1.1/lib/ruby/2.1.0/webrick/httpserver.rb:138:in `service'
  /home/mbrodmann/.rvm/rubies/ruby-2.1.1/lib/ruby/2.1.0/webrick/httpserver.rb:94:in `run'
  /home/mbrodmann/.rvm/rubies/ruby-2.1.1/lib/ruby/2.1.0/webrick/server.rb:295:in `block in start_thread'


  Rendered /home/mbrodmann/.rvm/gems/ruby-2.1.1/gems/actionpack-4.1.0.rc1/lib/action_dispatch/middleware/templates/rescues/_trace.html.erb (4.9ms)
  Rendered /home/mbrodmann/.rvm/gems/ruby-2.1.1/gems/actionpack-4.1.0.rc1/lib/action_dispatch/middleware/templates/routes/_route.html.erb (4.4ms)
  Rendered /home/mbrodmann/.rvm/gems/ruby-2.1.1/gems/actionpack-4.1.0.rc1/lib/action_dispatch/middleware/templates/routes/_table.html.erb (5.4ms)
  Rendered /home/mbrodmann/.rvm/gems/ruby-2.1.1/gems/actionpack-4.1.0.rc1/lib/action_dispatch/middleware/templates/rescues/routing_error.html.erb within rescues/layout (69.3ms)


Started GET "/welcome/index" for 127.0.0.1 at 2014-03-11 13:42:13 +0100
Processing by WelcomeController#index as HTML
  Rendered welcome/index.html.erb within layouts/application (2.5ms)
Completed 200 OK in 660ms (Views: 658.2ms | ActiveRecord: 0.0ms)


Started GET "/assets/welcome.css?body=1" for 127.0.0.1 at 2014-03-11 13:42:14 +0100


Started GET "/assets/products.css?body=1" for 127.0.0.1 at 2014-03-11 13:42:14 +0100


Started GET "/assets/welcome.js?body=1" for 127.0.0.1 at 2014-03-11 13:42:14 +0100


Started GET "/assets/application.css?body=1" for 127.0.0.1 at 2014-03-11 13:42:14 +0100


Started GET "/assets/jquery.js?body=1" for 127.0.0.1 at 2014-03-11 13:42:14 +0100


Started GET "/assets/scaffolds.css?body=1" for 127.0.0.1 at 2014-03-11 13:42:14 +0100


Started GET "/assets/jquery_ujs.js?body=1" for 127.0.0.1 at 2014-03-11 13:42:14 +0100


Started GET "/assets/turbolinks.js?body=1" for 127.0.0.1 at 2014-03-11 13:42:14 +0100


Started GET "/assets/products.js?body=1" for 127.0.0.1 at 2014-03-11 13:42:14 +0100


Started GET "/assets/application.js?body=1" for 127.0.0.1 at 2014-03-11 13:42:14 +0100


Started GET "/" for 127.0.0.1 at 2014-03-11 13:42:57 +0100
  [1m[36mActiveRecord::SchemaMigration Load (0.7ms)[0m  [1mSELECT "schema_migrations".* FROM "schema_migrations"[0m
Processing by WelcomeController#index as HTML
  Rendered welcome/index.html.erb within layouts/application (3.4ms)
Completed 200 OK in 235ms (Views: 174.1ms | ActiveRecord: 0.0ms)


Started GET "/assets/scaffolds.css?body=1" for 127.0.0.1 at 2014-03-11 13:42:58 +0100


Started GET "/assets/welcome.css?body=1" for 127.0.0.1 at 2014-03-11 13:42:58 +0100


Started GET "/assets/products.css?body=1" for 127.0.0.1 at 2014-03-11 13:42:58 +0100


Started GET "/assets/jquery.js?body=1" for 127.0.0.1 at 2014-03-11 13:42:58 +0100


Started GET "/assets/jquery_ujs.js?body=1" for 127.0.0.1 at 2014-03-11 13:42:58 +0100


Started GET "/assets/application.css?body=1" for 127.0.0.1 at 2014-03-11 13:42:58 +0100


Started GET "/assets/turbolinks.js?body=1" for 127.0.0.1 at 2014-03-11 13:42:58 +0100


Started GET "/assets/products.js?body=1" for 127.0.0.1 at 2014-03-11 13:42:58 +0100


Started GET "/assets/welcome.js?body=1" for 127.0.0.1 at 2014-03-11 13:42:58 +0100


Started GET "/assets/application.js?body=1" for 127.0.0.1 at 2014-03-11 13:42:58 +0100


Started GET "/products" for 127.0.0.1 at 2014-03-25 14:44:09 +0100
  [1m[36mActiveRecord::SchemaMigration Load (1.0ms)[0m  [1mSELECT "schema_migrations".* FROM "schema_migrations"[0m
Processing by ProductsController#index as HTML
  [1m[35mProduct Load (1.0ms)[0m  SELECT "products".* FROM "products"
  Rendered products/index.html.erb within layouts/application (11.9ms)
Completed 200 OK in 79ms (Views: 59.8ms | ActiveRecord: 2.6ms)


Started GET "/assets/products.css?body=1" for 127.0.0.1 at 2014-03-25 14:44:09 +0100


Started GET "/assets/scaffolds.css?body=1" for 127.0.0.1 at 2014-03-25 14:44:09 +0100


Started GET "/assets/welcome.css?body=1" for 127.0.0.1 at 2014-03-25 14:44:09 +0100


Started GET "/assets/jquery.js?body=1" for 127.0.0.1 at 2014-03-25 14:44:09 +0100


Started GET "/assets/jquery_ujs.js?body=1" for 127.0.0.1 at 2014-03-25 14:44:09 +0100


Started GET "/assets/application.css?body=1" for 127.0.0.1 at 2014-03-25 14:44:09 +0100


Started GET "/assets/turbolinks.js?body=1" for 127.0.0.1 at 2014-03-25 14:44:09 +0100


Started GET "/assets/products.js?body=1" for 127.0.0.1 at 2014-03-25 14:44:09 +0100


Started GET "/assets/welcome.js?body=1" for 127.0.0.1 at 2014-03-25 14:44:09 +0100


Started GET "/assets/application.js?body=1" for 127.0.0.1 at 2014-03-25 14:44:09 +0100


Started GET "/products/new" for 127.0.0.1 at 2014-03-25 14:45:25 +0100
Processing by ProductsController#new as HTML
  Rendered products/_form.html.erb (17.2ms)
  Rendered products/new.html.erb within layouts/application (23.3ms)
Completed 200 OK in 31ms (Views: 29.6ms | ActiveRecord: 0.0ms)


Started GET "/products/new" for 127.0.0.1 at 2014-03-25 14:47:35 +0100
Processing by ProductsController#new as HTML
  Rendered products/_form.html.erb (3.1ms)
  Rendered products/new.html.erb within layouts/application (3.8ms)
Completed 200 OK in 8ms (Views: 7.8ms | ActiveRecord: 0.0ms)


Started GET "/assets/products.css?body=1" for 127.0.0.1 at 2014-03-25 14:47:35 +0100


Started GET "/assets/scaffolds.css?body=1" for 127.0.0.1 at 2014-03-25 14:47:35 +0100


Started GET "/assets/jquery.js?body=1" for 127.0.0.1 at 2014-03-25 14:47:35 +0100


Started GET "/assets/application.css?body=1" for 127.0.0.1 at 2014-03-25 14:47:35 +0100


Started GET "/assets/welcome.css?body=1" for 127.0.0.1 at 2014-03-25 14:47:35 +0100


Started GET "/assets/jquery_ujs.js?body=1" for 127.0.0.1 at 2014-03-25 14:47:35 +0100


Started GET "/assets/turbolinks.js?body=1" for 127.0.0.1 at 2014-03-25 14:47:35 +0100


Started GET "/assets/products.js?body=1" for 127.0.0.1 at 2014-03-25 14:47:35 +0100


Started GET "/assets/welcome.js?body=1" for 127.0.0.1 at 2014-03-25 14:47:35 +0100


Started GET "/assets/application.js?body=1" for 127.0.0.1 at 2014-03-25 14:47:35 +0100


Started GET "/products" for 127.0.0.1 at 2014-03-25 14:51:41 +0100
  [1m[36mActiveRecord::SchemaMigration Load (0.8ms)[0m  [1mSELECT "schema_migrations".* FROM "schema_migrations"[0m
Processing by ProductsController#index as HTML
  [1m[35mProduct Load (1.0ms)[0m  SELECT "products".* FROM "products"
  Rendered products/index.html.erb within layouts/application (12.8ms)
Completed 200 OK in 69ms (Views: 47.2ms | ActiveRecord: 5.3ms)


Started GET "/assets/products.css?body=1" for 127.0.0.1 at 2014-03-25 14:51:41 +0100


Started GET "/assets/scaffolds.css?body=1" for 127.0.0.1 at 2014-03-25 14:51:41 +0100


Started GET "/assets/welcome.css?body=1" for 127.0.0.1 at 2014-03-25 14:51:41 +0100


Started GET "/assets/jquery_ujs.js?body=1" for 127.0.0.1 at 2014-03-25 14:51:41 +0100


Started GET "/assets/application.css?body=1" for 127.0.0.1 at 2014-03-25 14:51:41 +0100


Started GET "/assets/jquery.js?body=1" for 127.0.0.1 at 2014-03-25 14:51:41 +0100


Started GET "/assets/turbolinks.js?body=1" for 127.0.0.1 at 2014-03-25 14:51:41 +0100


Started GET "/assets/products.js?body=1" for 127.0.0.1 at 2014-03-25 14:51:41 +0100


Started GET "/assets/welcome.js?body=1" for 127.0.0.1 at 2014-03-25 14:51:41 +0100


Started GET "/assets/application.js?body=1" for 127.0.0.1 at 2014-03-25 14:51:41 +0100
  [1m[36mActiveRecord::SchemaMigration Load (0.2ms)[0m  [1mSELECT "schema_migrations".* FROM "schema_migrations"[0m
  [1m[35mSQL (5.7ms)[0m  DELETE FROM "products"
  [1m[36m (0.3ms)[0m  [1mBEGIN[0m
  [1m[35mSQL (1.6ms)[0m  INSERT INTO "products" ("created_at", "description", "image_url", "price", "title", "updated_at") VALUES ($1, $2, $3, $4, $5, $6) RETURNING "id"  [["created_at", "2014-03-25 14:04:39.259155"], ["description", "<p>\n\t\t\tRuby is the fastest growing and most exciting dynamic language\n\t\t\tout there. If you need to get working programs delivered fast,\n\t\t\tyou should add Ruby to your toolbox.\n\t\t</p>"], ["image_url", "ruby.jpg"], ["price", "49.95"], ["title", "ZHAW WEB DEV TESTS"], ["updated_at", "2014-03-25 14:04:39.259155"]]
  [1m[36m (1.2ms)[0m  [1mCOMMIT[0m


Started GET "/products" for 127.0.0.1 at 2014-03-25 15:04:45 +0100
  [1m[36mActiveRecord::SchemaMigration Load (0.7ms)[0m  [1mSELECT "schema_migrations".* FROM "schema_migrations"[0m
Processing by ProductsController#index as HTML
  [1m[35mProduct Load (0.3ms)[0m  SELECT "products".* FROM "products"
  Rendered products/index.html.erb within layouts/application (8.0ms)
Completed 200 OK in 75ms (Views: 57.9ms | ActiveRecord: 1.3ms)


Started GET "/assets/products.css?body=1" for 127.0.0.1 at 2014-03-25 15:04:45 +0100


Started GET "/assets/application.css?body=1" for 127.0.0.1 at 2014-03-25 15:04:45 +0100


Started GET "/assets/scaffolds.css?body=1" for 127.0.0.1 at 2014-03-25 15:04:45 +0100


Started GET "/assets/jquery.js?body=1" for 127.0.0.1 at 2014-03-25 15:04:45 +0100


Started GET "/assets/welcome.css?body=1" for 127.0.0.1 at 2014-03-25 15:04:45 +0100


Started GET "/assets/jquery_ujs.js?body=1" for 127.0.0.1 at 2014-03-25 15:04:45 +0100


Started GET "/assets/turbolinks.js?body=1" for 127.0.0.1 at 2014-03-25 15:04:45 +0100


Started GET "/assets/products.js?body=1" for 127.0.0.1 at 2014-03-25 15:04:45 +0100


Started GET "/assets/welcome.js?body=1" for 127.0.0.1 at 2014-03-25 15:04:45 +0100


Started GET "/assets/application.js?body=1" for 127.0.0.1 at 2014-03-25 15:04:45 +0100


Started GET "/products/4" for 127.0.0.1 at 2014-03-25 15:05:05 +0100
Processing by ProductsController#show as HTML
  Parameters: {"id"=>"4"}
  [1m[36mProduct Load (0.2ms)[0m  [1mSELECT  "products".* FROM "products"  WHERE "products"."id" = $1 LIMIT 1[0m  [["id", 4]]
  Rendered products/show.html.erb within layouts/application (1.1ms)
Completed 200 OK in 10ms (Views: 5.8ms | ActiveRecord: 0.4ms)


Started GET "/products" for 127.0.0.1 at 2014-03-25 15:24:41 +0100
Processing by ProductsController#index as HTML
  [1m[35mProduct Load (0.7ms)[0m  SELECT "products".* FROM "products"
  Rendered products/index.html.erb within layouts/application (28.1ms)
Completed 200 OK in 75ms (Views: 73.0ms | ActiveRecord: 0.7ms)


Started GET "/assets/scaffolds.css?body=1" for 127.0.0.1 at 2014-03-25 15:24:41 +0100


Started GET "/assets/products.css?body=1" for 127.0.0.1 at 2014-03-25 15:24:41 +0100


Started GET "/assets/application.css?body=1" for 127.0.0.1 at 2014-03-25 15:24:41 +0100


Started GET "/assets/welcome.css?body=1" for 127.0.0.1 at 2014-03-25 15:24:41 +0100


Started GET "/assets/jquery.js?body=1" for 127.0.0.1 at 2014-03-25 15:24:41 +0100


Started GET "/assets/jquery_ujs.js?body=1" for 127.0.0.1 at 2014-03-25 15:24:41 +0100


Started GET "/assets/turbolinks.js?body=1" for 127.0.0.1 at 2014-03-25 15:24:41 +0100


Started GET "/assets/products.js?body=1" for 127.0.0.1 at 2014-03-25 15:24:41 +0100


Started GET "/assets/welcome.js?body=1" for 127.0.0.1 at 2014-03-25 15:24:41 +0100


Started GET "/assets/application.js?body=1" for 127.0.0.1 at 2014-03-25 15:24:41 +0100


Started GET "/images/ruby.jpg" for 127.0.0.1 at 2014-03-25 15:24:41 +0100

ActionController::RoutingError (No route matches [GET] "/images/ruby.jpg"):
  actionpack (4.1.0.rc1) lib/action_dispatch/middleware/debug_exceptions.rb:21:in `call'
  actionpack (4.1.0.rc1) lib/action_dispatch/middleware/show_exceptions.rb:30:in `call'
  railties (4.1.0.rc1) lib/rails/rack/logger.rb:38:in `call_app'
  railties (4.1.0.rc1) lib/rails/rack/logger.rb:20:in `block in call'
  activesupport (4.1.0.rc1) lib/active_support/tagged_logging.rb:68:in `block in tagged'
  activesupport (4.1.0.rc1) lib/active_support/tagged_logging.rb:26:in `tagged'
  activesupport (4.1.0.rc1) lib/active_support/tagged_logging.rb:68:in `tagged'
  railties (4.1.0.rc1) lib/rails/rack/logger.rb:20:in `call'
  actionpack (4.1.0.rc1) lib/action_dispatch/middleware/request_id.rb:21:in `call'
  rack (1.5.2) lib/rack/methodoverride.rb:21:in `call'
  rack (1.5.2) lib/rack/runtime.rb:17:in `call'
  activesupport (4.1.0.rc1) lib/active_support/cache/strategy/local_cache.rb:87:in `call'
  rack (1.5.2) lib/rack/lock.rb:17:in `call'
  actionpack (4.1.0.rc1) lib/action_dispatch/middleware/static.rb:64:in `call'
  rack (1.5.2) lib/rack/sendfile.rb:112:in `call'
  railties (4.1.0.rc1) lib/rails/engine.rb:515:in `call'
  railties (4.1.0.rc1) lib/rails/application.rb:142:in `call'
  rack (1.5.2) lib/rack/lock.rb:17:in `call'
  rack (1.5.2) lib/rack/content_length.rb:14:in `call'
  rack (1.5.2) lib/rack/handler/webrick.rb:60:in `service'
  /home/mbrodmann/.rvm/rubies/ruby-2.1.1/lib/ruby/2.1.0/webrick/httpserver.rb:138:in `service'
  /home/mbrodmann/.rvm/rubies/ruby-2.1.1/lib/ruby/2.1.0/webrick/httpserver.rb:94:in `run'
  /home/mbrodmann/.rvm/rubies/ruby-2.1.1/lib/ruby/2.1.0/webrick/server.rb:295:in `block in start_thread'


  Rendered /home/mbrodmann/.rvm/gems/ruby-2.1.1/gems/actionpack-4.1.0.rc1/lib/action_dispatch/middleware/templates/rescues/_trace.html.erb (1.1ms)
  Rendered /home/mbrodmann/.rvm/gems/ruby-2.1.1/gems/actionpack-4.1.0.rc1/lib/action_dispatch/middleware/templates/routes/_route.html.erb (1.5ms)
  Rendered /home/mbrodmann/.rvm/gems/ruby-2.1.1/gems/actionpack-4.1.0.rc1/lib/action_dispatch/middleware/templates/routes/_table.html.erb (8.4ms)
  Rendered /home/mbrodmann/.rvm/gems/ruby-2.1.1/gems/actionpack-4.1.0.rc1/lib/action_dispatch/middleware/templates/rescues/routing_error.html.erb within rescues/layout (34.5ms)


Started GET "/products/new" for 127.0.0.1 at 2014-03-25 15:28:54 +0100
Processing by ProductsController#new as HTML
  Rendered products/_form.html.erb (10.2ms)
  Rendered products/new.html.erb within layouts/application (12.7ms)
Completed 200 OK in 21ms (Views: 20.2ms | ActiveRecord: 0.0ms)


Started GET "/assets/products.css?body=1" for 127.0.0.1 at 2014-03-25 15:28:54 +0100


Started GET "/products/new" for 127.0.0.1 at 2014-03-25 15:29:00 +0100
Processing by ProductsController#new as HTML
  Rendered products/_form.html.erb (3.2ms)
  Rendered products/new.html.erb within layouts/application (4.1ms)
Completed 200 OK in 11ms (Views: 10.2ms | ActiveRecord: 0.0ms)


Started GET "/assets/products.css?body=1" for 127.0.0.1 at 2014-03-25 15:29:00 +0100


Started GET "/products/new" for 127.0.0.1 at 2014-03-25 15:29:02 +0100
Processing by ProductsController#new as HTML
  Rendered products/_form.html.erb (2.7ms)
  Rendered products/new.html.erb within layouts/application (4.1ms)
Completed 200 OK in 13ms (Views: 10.2ms | ActiveRecord: 0.0ms)


Started GET "/assets/products.css?body=1" for 127.0.0.1 at 2014-03-25 15:29:02 +0100


Started GET "/assets/scaffolds.css?body=1" for 127.0.0.1 at 2014-03-25 15:29:02 +0100


Started GET "/assets/welcome.css?body=1" for 127.0.0.1 at 2014-03-25 15:29:02 +0100


Started GET "/assets/application.css?body=1" for 127.0.0.1 at 2014-03-25 15:29:02 +0100


Started GET "/assets/jquery_ujs.js?body=1" for 127.0.0.1 at 2014-03-25 15:29:02 +0100


Started GET "/assets/jquery.js?body=1" for 127.0.0.1 at 2014-03-25 15:29:02 +0100


Started GET "/assets/turbolinks.js?body=1" for 127.0.0.1 at 2014-03-25 15:29:02 +0100


Started GET "/assets/products.js?body=1" for 127.0.0.1 at 2014-03-25 15:29:02 +0100


Started GET "/assets/welcome.js?body=1" for 127.0.0.1 at 2014-03-25 15:29:02 +0100


Started GET "/assets/application.js?body=1" for 127.0.0.1 at 2014-03-25 15:29:02 +0100


Started GET "/products/new" for 127.0.0.1 at 2014-03-25 15:29:03 +0100
Processing by ProductsController#new as HTML
  Rendered products/_form.html.erb (2.7ms)
  Rendered products/new.html.erb within layouts/application (3.4ms)
Completed 200 OK in 13ms (Views: 8.6ms | ActiveRecord: 0.0ms)


Started GET "/assets/products.css?body=1" for 127.0.0.1 at 2014-03-25 15:29:03 +0100


Started GET "/assets/scaffolds.css?body=1" for 127.0.0.1 at 2014-03-25 15:29:03 +0100


Started GET "/assets/welcome.css?body=1" for 127.0.0.1 at 2014-03-25 15:29:03 +0100


Started GET "/assets/application.css?body=1" for 127.0.0.1 at 2014-03-25 15:29:03 +0100


Started GET "/assets/jquery.js?body=1" for 127.0.0.1 at 2014-03-25 15:29:03 +0100


Started GET "/assets/jquery_ujs.js?body=1" for 127.0.0.1 at 2014-03-25 15:29:03 +0100


Started GET "/assets/turbolinks.js?body=1" for 127.0.0.1 at 2014-03-25 15:29:03 +0100


Started GET "/assets/products.js?body=1" for 127.0.0.1 at 2014-03-25 15:29:03 +0100


Started GET "/assets/welcome.js?body=1" for 127.0.0.1 at 2014-03-25 15:29:03 +0100


Started GET "/assets/application.js?body=1" for 127.0.0.1 at 2014-03-25 15:29:03 +0100


Started GET "/products/new" for 127.0.0.1 at 2014-03-25 15:30:40 +0100
Processing by ProductsController#new as HTML
  Rendered products/_form.html.erb (13.8ms)
  Rendered products/new.html.erb within layouts/application (16.1ms)
Completed 200 OK in 29ms (Views: 23.2ms | ActiveRecord: 2.7ms)


Started GET "/assets/products.css?body=1" for 127.0.0.1 at 2014-03-25 15:30:40 +0100


Started GET "/products/new" for 127.0.0.1 at 2014-03-25 15:30:41 +0100
Processing by ProductsController#new as HTML
  Rendered products/_form.html.erb (5.6ms)
  Rendered products/new.html.erb within layouts/application (7.0ms)
Completed 200 OK in 13ms (Views: 11.9ms | ActiveRecord: 0.0ms)


Started GET "/assets/products.css?body=1" for 127.0.0.1 at 2014-03-25 15:30:41 +0100


Started GET "/assets/scaffolds.css?body=1" for 127.0.0.1 at 2014-03-25 15:30:41 +0100


Started GET "/assets/jquery.js?body=1" for 127.0.0.1 at 2014-03-25 15:30:41 +0100


Started GET "/assets/jquery_ujs.js?body=1" for 127.0.0.1 at 2014-03-25 15:30:41 +0100


Started GET "/assets/welcome.css?body=1" for 127.0.0.1 at 2014-03-25 15:30:41 +0100


Started GET "/assets/application.css?body=1" for 127.0.0.1 at 2014-03-25 15:30:41 +0100


Started GET "/assets/turbolinks.js?body=1" for 127.0.0.1 at 2014-03-25 15:30:41 +0100


Started GET "/assets/products.js?body=1" for 127.0.0.1 at 2014-03-25 15:30:41 +0100


Started GET "/assets/application.js?body=1" for 127.0.0.1 at 2014-03-25 15:30:41 +0100


Started GET "/assets/welcome.js?body=1" for 127.0.0.1 at 2014-03-25 15:30:41 +0100


Started GET "/products/new" for 127.0.0.1 at 2014-03-25 15:30:49 +0100
  [1m[36mActiveRecord::SchemaMigration Load (1.8ms)[0m  [1mSELECT "schema_migrations".* FROM "schema_migrations"[0m
Processing by ProductsController#new as HTML
  Rendered products/_form.html.erb (19.3ms)
  Rendered products/new.html.erb within layouts/application (25.5ms)
Completed 200 OK in 93ms (Views: 71.4ms | ActiveRecord: 2.6ms)


Started GET "/assets/products.css?body=1" for 127.0.0.1 at 2014-03-25 15:30:50 +0100


Started GET "/assets/scaffolds.css?body=1" for 127.0.0.1 at 2014-03-25 15:30:50 +0100


Started GET "/assets/welcome.css?body=1" for 127.0.0.1 at 2014-03-25 15:30:50 +0100


Started GET "/assets/jquery.js?body=1" for 127.0.0.1 at 2014-03-25 15:30:50 +0100


Started GET "/assets/application.css?body=1" for 127.0.0.1 at 2014-03-25 15:30:50 +0100


Started GET "/assets/jquery_ujs.js?body=1" for 127.0.0.1 at 2014-03-25 15:30:50 +0100


Started GET "/assets/turbolinks.js?body=1" for 127.0.0.1 at 2014-03-25 15:30:50 +0100


Started GET "/assets/products.js?body=1" for 127.0.0.1 at 2014-03-25 15:30:50 +0100


Started GET "/assets/welcome.js?body=1" for 127.0.0.1 at 2014-03-25 15:30:50 +0100


Started GET "/assets/application.js?body=1" for 127.0.0.1 at 2014-03-25 15:30:50 +0100


Started GET "/products/new" for 127.0.0.1 at 2014-03-25 15:30:50 +0100
Processing by ProductsController#new as HTML
  Rendered products/_form.html.erb (9.9ms)
  Rendered products/new.html.erb within layouts/application (11.7ms)
Completed 200 OK in 22ms (Views: 21.2ms | ActiveRecord: 0.0ms)


Started GET "/assets/products.css?body=1" for 127.0.0.1 at 2014-03-25 15:30:50 +0100


Started GET "/assets/scaffolds.css?body=1" for 127.0.0.1 at 2014-03-25 15:30:50 +0100


Started GET "/assets/jquery.js?body=1" for 127.0.0.1 at 2014-03-25 15:30:50 +0100


Started GET "/assets/welcome.css?body=1" for 127.0.0.1 at 2014-03-25 15:30:50 +0100


Started GET "/assets/application.css?body=1" for 127.0.0.1 at 2014-03-25 15:30:50 +0100


Started GET "/assets/jquery_ujs.js?body=1" for 127.0.0.1 at 2014-03-25 15:30:50 +0100


Started GET "/assets/turbolinks.js?body=1" for 127.0.0.1 at 2014-03-25 15:30:50 +0100


Started GET "/assets/products.js?body=1" for 127.0.0.1 at 2014-03-25 15:30:50 +0100


Started GET "/assets/welcome.js?body=1" for 127.0.0.1 at 2014-03-25 15:30:50 +0100


Started GET "/assets/application.js?body=1" for 127.0.0.1 at 2014-03-25 15:30:50 +0100


Started GET "/products/new" for 127.0.0.1 at 2014-03-25 15:30:51 +0100
Processing by ProductsController#new as HTML
  Rendered products/_form.html.erb (3.3ms)
  Rendered products/new.html.erb within layouts/application (4.7ms)
Completed 200 OK in 13ms (Views: 11.1ms | ActiveRecord: 0.0ms)


Started GET "/assets/products.css?body=1" for 127.0.0.1 at 2014-03-25 15:30:51 +0100


Started GET "/assets/scaffolds.css?body=1" for 127.0.0.1 at 2014-03-25 15:30:51 +0100


Started GET "/assets/jquery.js?body=1" for 127.0.0.1 at 2014-03-25 15:30:51 +0100


Started GET "/assets/welcome.css?body=1" for 127.0.0.1 at 2014-03-25 15:30:51 +0100


Started GET "/assets/jquery_ujs.js?body=1" for 127.0.0.1 at 2014-03-25 15:30:51 +0100


Started GET "/assets/application.css?body=1" for 127.0.0.1 at 2014-03-25 15:30:51 +0100


Started GET "/assets/turbolinks.js?body=1" for 127.0.0.1 at 2014-03-25 15:30:51 +0100


Started GET "/assets/products.js?body=1" for 127.0.0.1 at 2014-03-25 15:30:51 +0100


Started GET "/assets/welcome.js?body=1" for 127.0.0.1 at 2014-03-25 15:30:51 +0100


Started GET "/assets/application.js?body=1" for 127.0.0.1 at 2014-03-25 15:30:51 +0100


Started GET "/products/new" for 127.0.0.1 at 2014-03-25 15:30:51 +0100
Processing by ProductsController#new as HTML
  Rendered products/_form.html.erb (4.2ms)
  Rendered products/new.html.erb within layouts/application (5.8ms)
Completed 200 OK in 12ms (Views: 11.6ms | ActiveRecord: 0.0ms)


Started GET "/assets/welcome.css?body=1" for 127.0.0.1 at 2014-03-25 15:30:51 +0100


Started GET "/assets/application.css?body=1" for 127.0.0.1 at 2014-03-25 15:30:51 +0100


Started GET "/assets/products.css?body=1" for 127.0.0.1 at 2014-03-25 15:30:51 +0100


Started GET "/assets/scaffolds.css?body=1" for 127.0.0.1 at 2014-03-25 15:30:51 +0100


Started GET "/assets/jquery_ujs.js?body=1" for 127.0.0.1 at 2014-03-25 15:30:51 +0100


Started GET "/assets/jquery.js?body=1" for 127.0.0.1 at 2014-03-25 15:30:51 +0100


Started GET "/assets/turbolinks.js?body=1" for 127.0.0.1 at 2014-03-25 15:30:51 +0100


Started GET "/assets/products.js?body=1" for 127.0.0.1 at 2014-03-25 15:30:51 +0100


Started GET "/assets/welcome.js?body=1" for 127.0.0.1 at 2014-03-25 15:30:51 +0100


Started GET "/assets/application.js?body=1" for 127.0.0.1 at 2014-03-25 15:30:51 +0100


Started GET "/products/new" for 127.0.0.1 at 2014-03-25 15:31:38 +0100
Processing by ProductsController#new as HTML
Completed 500 Internal Server Error in 2ms

NoMethodError (undefined method `validates' for main:Object):
  app/models/product.rb:3:in `<top (required)>'
  app/controllers/products_controller.rb:17:in `new'


  Rendered /home/mbrodmann/.rvm/gems/ruby-2.1.1/gems/actionpack-4.1.0.rc1/lib/action_dispatch/middleware/templates/rescues/_source.erb (0.7ms)
  Rendered /home/mbrodmann/.rvm/gems/ruby-2.1.1/gems/actionpack-4.1.0.rc1/lib/action_dispatch/middleware/templates/rescues/_trace.html.erb (1.1ms)
  Rendered /home/mbrodmann/.rvm/gems/ruby-2.1.1/gems/actionpack-4.1.0.rc1/lib/action_dispatch/middleware/templates/rescues/_request_and_response.html.erb (1.0ms)
  Rendered /home/mbrodmann/.rvm/gems/ruby-2.1.1/gems/actionpack-4.1.0.rc1/lib/action_dispatch/middleware/templates/rescues/diagnostics.erb within rescues/layout (18.3ms)


Started GET "/products/new" for 127.0.0.1 at 2014-03-25 15:32:14 +0100
Processing by ProductsController#new as HTML
  Rendered products/_form.html.erb (6.7ms)
  Rendered products/new.html.erb within layouts/application (8.3ms)
Completed 200 OK in 18ms (Views: 12.8ms | ActiveRecord: 2.4ms)


Started GET "/assets/products.css?body=1" for 127.0.0.1 at 2014-03-25 15:32:14 +0100


Started GET "/assets/scaffolds.css?body=1" for 127.0.0.1 at 2014-03-25 15:32:14 +0100


Started GET "/assets/welcome.css?body=1" for 127.0.0.1 at 2014-03-25 15:32:14 +0100


Started GET "/assets/jquery_ujs.js?body=1" for 127.0.0.1 at 2014-03-25 15:32:14 +0100


Started GET "/assets/jquery.js?body=1" for 127.0.0.1 at 2014-03-25 15:32:14 +0100


Started GET "/assets/application.css?body=1" for 127.0.0.1 at 2014-03-25 15:32:14 +0100


Started GET "/assets/turbolinks.js?body=1" for 127.0.0.1 at 2014-03-25 15:32:14 +0100


Started GET "/assets/products.js?body=1" for 127.0.0.1 at 2014-03-25 15:32:14 +0100


Started GET "/assets/welcome.js?body=1" for 127.0.0.1 at 2014-03-25 15:32:14 +0100


Started GET "/assets/application.js?body=1" for 127.0.0.1 at 2014-03-25 15:32:14 +0100


Started POST "/products" for 127.0.0.1 at 2014-03-25 15:32:30 +0100
Processing by ProductsController#create as HTML
  Parameters: {"utf8"=>"✓", "authenticity_token"=>"WaECemePmfYBEr9xAVp1Z0eZbFleoBtln8ldYwHEk5o=", "product"=>{"title"=>"", "description"=>"", "image_url"=>"", "price"=>""}, "commit"=>"Create Product"}
  [1m[35m (0.1ms)[0m  BEGIN
  [1m[36m (0.2ms)[0m  [1mROLLBACK[0m
  Rendered products/_form.html.erb (7.1ms)
  Rendered products/new.html.erb within layouts/application (7.9ms)
Completed 200 OK in 16ms (Views: 11.8ms | ActiveRecord: 0.3ms)
